ARM GAS  /tmp/ccbBhp2u.s 			page 1


   1              		.cpu cortex-m4
   2              		.eabi_attribute 27, 1
   3              		.eabi_attribute 28, 1
   4              		.eabi_attribute 20, 1
   5              		.eabi_attribute 21, 1
   6              		.eabi_attribute 23, 3
   7              		.eabi_attribute 24, 1
   8              		.eabi_attribute 25, 1
   9              		.eabi_attribute 26, 1
  10              		.eabi_attribute 30, 1
  11              		.eabi_attribute 34, 1
  12              		.eabi_attribute 18, 4
  13              		.file	"stm32f4xx_hal_msp.c"
  14              		.text
  15              	.Ltext0:
  16              		.cfi_sections	.debug_frame
  17              		.section	.text.HAL_MspInit,"ax",%progbits
  18              		.align	1
  19              		.global	HAL_MspInit
  20              		.arch armv7e-m
  21              		.syntax unified
  22              		.thumb
  23              		.thumb_func
  24              		.fpu fpv4-sp-d16
  26              	HAL_MspInit:
  27              	.LFB130:
  28              		.file 1 "Src/stm32f4xx_hal_msp.c"
   1:Src/stm32f4xx_hal_msp.c **** /* USER CODE BEGIN Header */
   2:Src/stm32f4xx_hal_msp.c **** /**
   3:Src/stm32f4xx_hal_msp.c ****   ******************************************************************************
   4:Src/stm32f4xx_hal_msp.c ****   * File Name          : stm32f4xx_hal_msp.c
   5:Src/stm32f4xx_hal_msp.c ****   * Description        : This file provides code for the MSP Initialization 
   6:Src/stm32f4xx_hal_msp.c ****   *                      and de-Initialization codes.
   7:Src/stm32f4xx_hal_msp.c ****   ******************************************************************************
   8:Src/stm32f4xx_hal_msp.c ****   * @attention
   9:Src/stm32f4xx_hal_msp.c ****   *
  10:Src/stm32f4xx_hal_msp.c ****   * <h2><center>&copy; Copyright (c) 2019 STMicroelectronics.
  11:Src/stm32f4xx_hal_msp.c ****   * All rights reserved.</center></h2>
  12:Src/stm32f4xx_hal_msp.c ****   *
  13:Src/stm32f4xx_hal_msp.c ****   * This software component is licensed by ST under BSD 3-Clause license,
  14:Src/stm32f4xx_hal_msp.c ****   * the "License"; You may not use this file except in compliance with the
  15:Src/stm32f4xx_hal_msp.c ****   * License. You may obtain a copy of the License at:
  16:Src/stm32f4xx_hal_msp.c ****   *                        opensource.org/licenses/BSD-3-Clause
  17:Src/stm32f4xx_hal_msp.c ****   *
  18:Src/stm32f4xx_hal_msp.c ****   ******************************************************************************
  19:Src/stm32f4xx_hal_msp.c ****   */
  20:Src/stm32f4xx_hal_msp.c **** /* USER CODE END Header */
  21:Src/stm32f4xx_hal_msp.c **** 
  22:Src/stm32f4xx_hal_msp.c **** /* Includes ------------------------------------------------------------------*/
  23:Src/stm32f4xx_hal_msp.c **** #include "main.h"
  24:Src/stm32f4xx_hal_msp.c **** /* USER CODE BEGIN Includes */
  25:Src/stm32f4xx_hal_msp.c **** 
  26:Src/stm32f4xx_hal_msp.c **** /* USER CODE END Includes */
  27:Src/stm32f4xx_hal_msp.c **** extern DMA_HandleTypeDef hdma_adc1;
  28:Src/stm32f4xx_hal_msp.c **** 
  29:Src/stm32f4xx_hal_msp.c **** extern DMA_HandleTypeDef hdma_dac1;
  30:Src/stm32f4xx_hal_msp.c **** 
ARM GAS  /tmp/ccbBhp2u.s 			page 2


  31:Src/stm32f4xx_hal_msp.c **** /* Private typedef -----------------------------------------------------------*/
  32:Src/stm32f4xx_hal_msp.c **** /* USER CODE BEGIN TD */
  33:Src/stm32f4xx_hal_msp.c **** 
  34:Src/stm32f4xx_hal_msp.c **** /* USER CODE END TD */
  35:Src/stm32f4xx_hal_msp.c **** 
  36:Src/stm32f4xx_hal_msp.c **** /* Private define ------------------------------------------------------------*/
  37:Src/stm32f4xx_hal_msp.c **** /* USER CODE BEGIN Define */
  38:Src/stm32f4xx_hal_msp.c ****  
  39:Src/stm32f4xx_hal_msp.c **** /* USER CODE END Define */
  40:Src/stm32f4xx_hal_msp.c **** 
  41:Src/stm32f4xx_hal_msp.c **** /* Private macro -------------------------------------------------------------*/
  42:Src/stm32f4xx_hal_msp.c **** /* USER CODE BEGIN Macro */
  43:Src/stm32f4xx_hal_msp.c **** 
  44:Src/stm32f4xx_hal_msp.c **** /* USER CODE END Macro */
  45:Src/stm32f4xx_hal_msp.c **** 
  46:Src/stm32f4xx_hal_msp.c **** /* Private variables ---------------------------------------------------------*/
  47:Src/stm32f4xx_hal_msp.c **** /* USER CODE BEGIN PV */
  48:Src/stm32f4xx_hal_msp.c **** 
  49:Src/stm32f4xx_hal_msp.c **** /* USER CODE END PV */
  50:Src/stm32f4xx_hal_msp.c **** 
  51:Src/stm32f4xx_hal_msp.c **** /* Private function prototypes -----------------------------------------------*/
  52:Src/stm32f4xx_hal_msp.c **** /* USER CODE BEGIN PFP */
  53:Src/stm32f4xx_hal_msp.c **** 
  54:Src/stm32f4xx_hal_msp.c **** /* USER CODE END PFP */
  55:Src/stm32f4xx_hal_msp.c **** 
  56:Src/stm32f4xx_hal_msp.c **** /* External functions --------------------------------------------------------*/
  57:Src/stm32f4xx_hal_msp.c **** /* USER CODE BEGIN ExternalFunctions */
  58:Src/stm32f4xx_hal_msp.c **** 
  59:Src/stm32f4xx_hal_msp.c **** /* USER CODE END ExternalFunctions */
  60:Src/stm32f4xx_hal_msp.c **** 
  61:Src/stm32f4xx_hal_msp.c **** /* USER CODE BEGIN 0 */
  62:Src/stm32f4xx_hal_msp.c **** 
  63:Src/stm32f4xx_hal_msp.c **** /* USER CODE END 0 */
  64:Src/stm32f4xx_hal_msp.c **** /**
  65:Src/stm32f4xx_hal_msp.c ****   * Initializes the Global MSP.
  66:Src/stm32f4xx_hal_msp.c ****   */
  67:Src/stm32f4xx_hal_msp.c **** void HAL_MspInit(void)
  68:Src/stm32f4xx_hal_msp.c **** {
  29              		.loc 1 68 1 view -0
  30              		.cfi_startproc
  31              		@ args = 0, pretend = 0, frame = 8
  32              		@ frame_needed = 0, uses_anonymous_args = 0
  33 0000 00B5     		push	{lr}
  34              	.LCFI0:
  35              		.cfi_def_cfa_offset 4
  36              		.cfi_offset 14, -4
  37 0002 83B0     		sub	sp, sp, #12
  38              	.LCFI1:
  39              		.cfi_def_cfa_offset 16
  69:Src/stm32f4xx_hal_msp.c ****   /* USER CODE BEGIN MspInit 0 */
  70:Src/stm32f4xx_hal_msp.c **** 
  71:Src/stm32f4xx_hal_msp.c ****   /* USER CODE END MspInit 0 */
  72:Src/stm32f4xx_hal_msp.c **** 
  73:Src/stm32f4xx_hal_msp.c ****   __HAL_RCC_SYSCFG_CLK_ENABLE();
  40              		.loc 1 73 3 view .LVU1
  41              	.LBB2:
  42              		.loc 1 73 3 view .LVU2
ARM GAS  /tmp/ccbBhp2u.s 			page 3


  43 0004 0021     		movs	r1, #0
  44 0006 0091     		str	r1, [sp]
  45              		.loc 1 73 3 view .LVU3
  46 0008 0C4B     		ldr	r3, .L3
  47 000a 5A6C     		ldr	r2, [r3, #68]
  48 000c 42F48042 		orr	r2, r2, #16384
  49 0010 5A64     		str	r2, [r3, #68]
  50              		.loc 1 73 3 view .LVU4
  51 0012 5A6C     		ldr	r2, [r3, #68]
  52 0014 02F48042 		and	r2, r2, #16384
  53 0018 0092     		str	r2, [sp]
  54              		.loc 1 73 3 view .LVU5
  55 001a 009A     		ldr	r2, [sp]
  56              	.LBE2:
  74:Src/stm32f4xx_hal_msp.c ****   __HAL_RCC_PWR_CLK_ENABLE();
  57              		.loc 1 74 3 view .LVU6
  58              	.LBB3:
  59              		.loc 1 74 3 view .LVU7
  60 001c 0191     		str	r1, [sp, #4]
  61              		.loc 1 74 3 view .LVU8
  62 001e 1A6C     		ldr	r2, [r3, #64]
  63 0020 42F08052 		orr	r2, r2, #268435456
  64 0024 1A64     		str	r2, [r3, #64]
  65              		.loc 1 74 3 view .LVU9
  66 0026 1B6C     		ldr	r3, [r3, #64]
  67 0028 03F08053 		and	r3, r3, #268435456
  68 002c 0193     		str	r3, [sp, #4]
  69              		.loc 1 74 3 view .LVU10
  70 002e 019B     		ldr	r3, [sp, #4]
  71              	.LBE3:
  75:Src/stm32f4xx_hal_msp.c **** 
  76:Src/stm32f4xx_hal_msp.c ****   HAL_NVIC_SetPriorityGrouping(NVIC_PRIORITYGROUP_0);
  72              		.loc 1 76 3 view .LVU11
  73 0030 0720     		movs	r0, #7
  74 0032 FFF7FEFF 		bl	HAL_NVIC_SetPriorityGrouping
  75              	.LVL0:
  77:Src/stm32f4xx_hal_msp.c **** 
  78:Src/stm32f4xx_hal_msp.c ****   /* System interrupt init*/
  79:Src/stm32f4xx_hal_msp.c **** 
  80:Src/stm32f4xx_hal_msp.c ****   /* USER CODE BEGIN MspInit 1 */
  81:Src/stm32f4xx_hal_msp.c **** 
  82:Src/stm32f4xx_hal_msp.c ****   /* USER CODE END MspInit 1 */
  83:Src/stm32f4xx_hal_msp.c **** }
  76              		.loc 1 83 1 is_stmt 0 view .LVU12
  77 0036 03B0     		add	sp, sp, #12
  78              	.LCFI2:
  79              		.cfi_def_cfa_offset 4
  80              		@ sp needed
  81 0038 5DF804FB 		ldr	pc, [sp], #4
  82              	.L4:
  83              		.align	2
  84              	.L3:
  85 003c 00380240 		.word	1073887232
  86              		.cfi_endproc
  87              	.LFE130:
  89              		.section	.text.HAL_ADC_MspInit,"ax",%progbits
  90              		.align	1
ARM GAS  /tmp/ccbBhp2u.s 			page 4


  91              		.global	HAL_ADC_MspInit
  92              		.syntax unified
  93              		.thumb
  94              		.thumb_func
  95              		.fpu fpv4-sp-d16
  97              	HAL_ADC_MspInit:
  98              	.LVL1:
  99              	.LFB131:
  84:Src/stm32f4xx_hal_msp.c **** 
  85:Src/stm32f4xx_hal_msp.c **** /**
  86:Src/stm32f4xx_hal_msp.c **** * @brief ADC MSP Initialization
  87:Src/stm32f4xx_hal_msp.c **** * This function configures the hardware resources used in this example
  88:Src/stm32f4xx_hal_msp.c **** * @param hadc: ADC handle pointer
  89:Src/stm32f4xx_hal_msp.c **** * @retval None
  90:Src/stm32f4xx_hal_msp.c **** */
  91:Src/stm32f4xx_hal_msp.c **** void HAL_ADC_MspInit(ADC_HandleTypeDef* hadc)
  92:Src/stm32f4xx_hal_msp.c **** {
 100              		.loc 1 92 1 is_stmt 1 view -0
 101              		.cfi_startproc
 102              		@ args = 0, pretend = 0, frame = 32
 103              		@ frame_needed = 0, uses_anonymous_args = 0
 104              		.loc 1 92 1 is_stmt 0 view .LVU14
 105 0000 30B5     		push	{r4, r5, lr}
 106              	.LCFI3:
 107              		.cfi_def_cfa_offset 12
 108              		.cfi_offset 4, -12
 109              		.cfi_offset 5, -8
 110              		.cfi_offset 14, -4
 111 0002 89B0     		sub	sp, sp, #36
 112              	.LCFI4:
 113              		.cfi_def_cfa_offset 48
  93:Src/stm32f4xx_hal_msp.c ****   GPIO_InitTypeDef GPIO_InitStruct = {0};
 114              		.loc 1 93 3 is_stmt 1 view .LVU15
 115              		.loc 1 93 20 is_stmt 0 view .LVU16
 116 0004 0023     		movs	r3, #0
 117 0006 0393     		str	r3, [sp, #12]
 118 0008 0493     		str	r3, [sp, #16]
 119 000a 0593     		str	r3, [sp, #20]
 120 000c 0693     		str	r3, [sp, #24]
 121 000e 0793     		str	r3, [sp, #28]
  94:Src/stm32f4xx_hal_msp.c ****   if(hadc->Instance==ADC1)
 122              		.loc 1 94 3 is_stmt 1 view .LVU17
 123              		.loc 1 94 10 is_stmt 0 view .LVU18
 124 0010 0268     		ldr	r2, [r0]
 125              		.loc 1 94 5 view .LVU19
 126 0012 03F18043 		add	r3, r3, #1073741824
 127 0016 03F59033 		add	r3, r3, #73728
 128 001a 9A42     		cmp	r2, r3
 129 001c 01D0     		beq	.L9
 130              	.LVL2:
 131              	.L5:
  95:Src/stm32f4xx_hal_msp.c ****   {
  96:Src/stm32f4xx_hal_msp.c ****   /* USER CODE BEGIN ADC1_MspInit 0 */
  97:Src/stm32f4xx_hal_msp.c **** 
  98:Src/stm32f4xx_hal_msp.c ****   /* USER CODE END ADC1_MspInit 0 */
  99:Src/stm32f4xx_hal_msp.c ****     /* Peripheral clock enable */
 100:Src/stm32f4xx_hal_msp.c ****     __HAL_RCC_ADC1_CLK_ENABLE();
ARM GAS  /tmp/ccbBhp2u.s 			page 5


 101:Src/stm32f4xx_hal_msp.c ****   
 102:Src/stm32f4xx_hal_msp.c ****     __HAL_RCC_GPIOA_CLK_ENABLE();
 103:Src/stm32f4xx_hal_msp.c ****     /**ADC1 GPIO Configuration    
 104:Src/stm32f4xx_hal_msp.c ****     PA1     ------> ADC1_IN1 
 105:Src/stm32f4xx_hal_msp.c ****     */
 106:Src/stm32f4xx_hal_msp.c ****     GPIO_InitStruct.Pin = GPIO_PIN_1;
 107:Src/stm32f4xx_hal_msp.c ****     GPIO_InitStruct.Mode = GPIO_MODE_ANALOG;
 108:Src/stm32f4xx_hal_msp.c ****     GPIO_InitStruct.Pull = GPIO_NOPULL;
 109:Src/stm32f4xx_hal_msp.c ****     HAL_GPIO_Init(GPIOA, &GPIO_InitStruct);
 110:Src/stm32f4xx_hal_msp.c **** 
 111:Src/stm32f4xx_hal_msp.c ****     /* ADC1 DMA Init */
 112:Src/stm32f4xx_hal_msp.c ****     /* ADC1 Init */
 113:Src/stm32f4xx_hal_msp.c ****     hdma_adc1.Instance = DMA2_Stream0;
 114:Src/stm32f4xx_hal_msp.c ****     hdma_adc1.Init.Channel = DMA_CHANNEL_0;
 115:Src/stm32f4xx_hal_msp.c ****     hdma_adc1.Init.Direction = DMA_PERIPH_TO_MEMORY;
 116:Src/stm32f4xx_hal_msp.c ****     hdma_adc1.Init.PeriphInc = DMA_PINC_DISABLE;
 117:Src/stm32f4xx_hal_msp.c ****     hdma_adc1.Init.MemInc = DMA_MINC_ENABLE;
 118:Src/stm32f4xx_hal_msp.c ****     hdma_adc1.Init.PeriphDataAlignment = DMA_PDATAALIGN_HALFWORD;
 119:Src/stm32f4xx_hal_msp.c ****     hdma_adc1.Init.MemDataAlignment = DMA_MDATAALIGN_HALFWORD;
 120:Src/stm32f4xx_hal_msp.c ****     hdma_adc1.Init.Mode = DMA_CIRCULAR;
 121:Src/stm32f4xx_hal_msp.c ****     hdma_adc1.Init.Priority = DMA_PRIORITY_VERY_HIGH;
 122:Src/stm32f4xx_hal_msp.c ****     hdma_adc1.Init.FIFOMode = DMA_FIFOMODE_DISABLE;
 123:Src/stm32f4xx_hal_msp.c ****     if (HAL_DMA_Init(&hdma_adc1) != HAL_OK)
 124:Src/stm32f4xx_hal_msp.c ****     {
 125:Src/stm32f4xx_hal_msp.c ****       Error_Handler();
 126:Src/stm32f4xx_hal_msp.c ****     }
 127:Src/stm32f4xx_hal_msp.c **** 
 128:Src/stm32f4xx_hal_msp.c ****     __HAL_LINKDMA(hadc,DMA_Handle,hdma_adc1);
 129:Src/stm32f4xx_hal_msp.c **** 
 130:Src/stm32f4xx_hal_msp.c ****   /* USER CODE BEGIN ADC1_MspInit 1 */
 131:Src/stm32f4xx_hal_msp.c **** 
 132:Src/stm32f4xx_hal_msp.c ****   /* USER CODE END ADC1_MspInit 1 */
 133:Src/stm32f4xx_hal_msp.c ****   }
 134:Src/stm32f4xx_hal_msp.c **** 
 135:Src/stm32f4xx_hal_msp.c **** }
 132              		.loc 1 135 1 view .LVU20
 133 001e 09B0     		add	sp, sp, #36
 134              	.LCFI5:
 135              		.cfi_remember_state
 136              		.cfi_def_cfa_offset 12
 137              		@ sp needed
 138 0020 30BD     		pop	{r4, r5, pc}
 139              	.LVL3:
 140              	.L9:
 141              	.LCFI6:
 142              		.cfi_restore_state
 143              		.loc 1 135 1 view .LVU21
 144 0022 0446     		mov	r4, r0
 100:Src/stm32f4xx_hal_msp.c ****   
 145              		.loc 1 100 5 is_stmt 1 view .LVU22
 146              	.LBB4:
 100:Src/stm32f4xx_hal_msp.c ****   
 147              		.loc 1 100 5 view .LVU23
 148 0024 0025     		movs	r5, #0
 149 0026 0195     		str	r5, [sp, #4]
 100:Src/stm32f4xx_hal_msp.c ****   
 150              		.loc 1 100 5 view .LVU24
ARM GAS  /tmp/ccbBhp2u.s 			page 6


 151 0028 03F58C33 		add	r3, r3, #71680
 152 002c 5A6C     		ldr	r2, [r3, #68]
 153 002e 42F48072 		orr	r2, r2, #256
 154 0032 5A64     		str	r2, [r3, #68]
 100:Src/stm32f4xx_hal_msp.c ****   
 155              		.loc 1 100 5 view .LVU25
 156 0034 5A6C     		ldr	r2, [r3, #68]
 157 0036 02F48072 		and	r2, r2, #256
 158 003a 0192     		str	r2, [sp, #4]
 100:Src/stm32f4xx_hal_msp.c ****   
 159              		.loc 1 100 5 view .LVU26
 160 003c 019A     		ldr	r2, [sp, #4]
 161              	.LBE4:
 102:Src/stm32f4xx_hal_msp.c ****     /**ADC1 GPIO Configuration    
 162              		.loc 1 102 5 view .LVU27
 163              	.LBB5:
 102:Src/stm32f4xx_hal_msp.c ****     /**ADC1 GPIO Configuration    
 164              		.loc 1 102 5 view .LVU28
 165 003e 0295     		str	r5, [sp, #8]
 102:Src/stm32f4xx_hal_msp.c ****     /**ADC1 GPIO Configuration    
 166              		.loc 1 102 5 view .LVU29
 167 0040 1A6B     		ldr	r2, [r3, #48]
 168 0042 42F00102 		orr	r2, r2, #1
 169 0046 1A63     		str	r2, [r3, #48]
 102:Src/stm32f4xx_hal_msp.c ****     /**ADC1 GPIO Configuration    
 170              		.loc 1 102 5 view .LVU30
 171 0048 1B6B     		ldr	r3, [r3, #48]
 172 004a 03F00103 		and	r3, r3, #1
 173 004e 0293     		str	r3, [sp, #8]
 102:Src/stm32f4xx_hal_msp.c ****     /**ADC1 GPIO Configuration    
 174              		.loc 1 102 5 view .LVU31
 175 0050 029B     		ldr	r3, [sp, #8]
 176              	.LBE5:
 106:Src/stm32f4xx_hal_msp.c ****     GPIO_InitStruct.Mode = GPIO_MODE_ANALOG;
 177              		.loc 1 106 5 view .LVU32
 106:Src/stm32f4xx_hal_msp.c ****     GPIO_InitStruct.Mode = GPIO_MODE_ANALOG;
 178              		.loc 1 106 25 is_stmt 0 view .LVU33
 179 0052 0223     		movs	r3, #2
 180 0054 0393     		str	r3, [sp, #12]
 107:Src/stm32f4xx_hal_msp.c ****     GPIO_InitStruct.Pull = GPIO_NOPULL;
 181              		.loc 1 107 5 is_stmt 1 view .LVU34
 107:Src/stm32f4xx_hal_msp.c ****     GPIO_InitStruct.Pull = GPIO_NOPULL;
 182              		.loc 1 107 26 is_stmt 0 view .LVU35
 183 0056 0323     		movs	r3, #3
 184 0058 0493     		str	r3, [sp, #16]
 108:Src/stm32f4xx_hal_msp.c ****     HAL_GPIO_Init(GPIOA, &GPIO_InitStruct);
 185              		.loc 1 108 5 is_stmt 1 view .LVU36
 109:Src/stm32f4xx_hal_msp.c **** 
 186              		.loc 1 109 5 view .LVU37
 187 005a 03A9     		add	r1, sp, #12
 188 005c 1148     		ldr	r0, .L11
 189              	.LVL4:
 109:Src/stm32f4xx_hal_msp.c **** 
 190              		.loc 1 109 5 is_stmt 0 view .LVU38
 191 005e FFF7FEFF 		bl	HAL_GPIO_Init
 192              	.LVL5:
 113:Src/stm32f4xx_hal_msp.c ****     hdma_adc1.Init.Channel = DMA_CHANNEL_0;
ARM GAS  /tmp/ccbBhp2u.s 			page 7


 193              		.loc 1 113 5 is_stmt 1 view .LVU39
 113:Src/stm32f4xx_hal_msp.c ****     hdma_adc1.Init.Channel = DMA_CHANNEL_0;
 194              		.loc 1 113 24 is_stmt 0 view .LVU40
 195 0062 1148     		ldr	r0, .L11+4
 196 0064 114B     		ldr	r3, .L11+8
 197 0066 0360     		str	r3, [r0]
 114:Src/stm32f4xx_hal_msp.c ****     hdma_adc1.Init.Direction = DMA_PERIPH_TO_MEMORY;
 198              		.loc 1 114 5 is_stmt 1 view .LVU41
 114:Src/stm32f4xx_hal_msp.c ****     hdma_adc1.Init.Direction = DMA_PERIPH_TO_MEMORY;
 199              		.loc 1 114 28 is_stmt 0 view .LVU42
 200 0068 4560     		str	r5, [r0, #4]
 115:Src/stm32f4xx_hal_msp.c ****     hdma_adc1.Init.PeriphInc = DMA_PINC_DISABLE;
 201              		.loc 1 115 5 is_stmt 1 view .LVU43
 115:Src/stm32f4xx_hal_msp.c ****     hdma_adc1.Init.PeriphInc = DMA_PINC_DISABLE;
 202              		.loc 1 115 30 is_stmt 0 view .LVU44
 203 006a 8560     		str	r5, [r0, #8]
 116:Src/stm32f4xx_hal_msp.c ****     hdma_adc1.Init.MemInc = DMA_MINC_ENABLE;
 204              		.loc 1 116 5 is_stmt 1 view .LVU45
 116:Src/stm32f4xx_hal_msp.c ****     hdma_adc1.Init.MemInc = DMA_MINC_ENABLE;
 205              		.loc 1 116 30 is_stmt 0 view .LVU46
 206 006c C560     		str	r5, [r0, #12]
 117:Src/stm32f4xx_hal_msp.c ****     hdma_adc1.Init.PeriphDataAlignment = DMA_PDATAALIGN_HALFWORD;
 207              		.loc 1 117 5 is_stmt 1 view .LVU47
 117:Src/stm32f4xx_hal_msp.c ****     hdma_adc1.Init.PeriphDataAlignment = DMA_PDATAALIGN_HALFWORD;
 208              		.loc 1 117 27 is_stmt 0 view .LVU48
 209 006e 4FF48063 		mov	r3, #1024
 210 0072 0361     		str	r3, [r0, #16]
 118:Src/stm32f4xx_hal_msp.c ****     hdma_adc1.Init.MemDataAlignment = DMA_MDATAALIGN_HALFWORD;
 211              		.loc 1 118 5 is_stmt 1 view .LVU49
 118:Src/stm32f4xx_hal_msp.c ****     hdma_adc1.Init.MemDataAlignment = DMA_MDATAALIGN_HALFWORD;
 212              		.loc 1 118 40 is_stmt 0 view .LVU50
 213 0074 4FF40063 		mov	r3, #2048
 214 0078 4361     		str	r3, [r0, #20]
 119:Src/stm32f4xx_hal_msp.c ****     hdma_adc1.Init.Mode = DMA_CIRCULAR;
 215              		.loc 1 119 5 is_stmt 1 view .LVU51
 119:Src/stm32f4xx_hal_msp.c ****     hdma_adc1.Init.Mode = DMA_CIRCULAR;
 216              		.loc 1 119 37 is_stmt 0 view .LVU52
 217 007a 4FF40053 		mov	r3, #8192
 218 007e 8361     		str	r3, [r0, #24]
 120:Src/stm32f4xx_hal_msp.c ****     hdma_adc1.Init.Priority = DMA_PRIORITY_VERY_HIGH;
 219              		.loc 1 120 5 is_stmt 1 view .LVU53
 120:Src/stm32f4xx_hal_msp.c ****     hdma_adc1.Init.Priority = DMA_PRIORITY_VERY_HIGH;
 220              		.loc 1 120 25 is_stmt 0 view .LVU54
 221 0080 4FF48073 		mov	r3, #256
 222 0084 C361     		str	r3, [r0, #28]
 121:Src/stm32f4xx_hal_msp.c ****     hdma_adc1.Init.FIFOMode = DMA_FIFOMODE_DISABLE;
 223              		.loc 1 121 5 is_stmt 1 view .LVU55
 121:Src/stm32f4xx_hal_msp.c ****     hdma_adc1.Init.FIFOMode = DMA_FIFOMODE_DISABLE;
 224              		.loc 1 121 29 is_stmt 0 view .LVU56
 225 0086 4FF44033 		mov	r3, #196608
 226 008a 0362     		str	r3, [r0, #32]
 122:Src/stm32f4xx_hal_msp.c ****     if (HAL_DMA_Init(&hdma_adc1) != HAL_OK)
 227              		.loc 1 122 5 is_stmt 1 view .LVU57
 122:Src/stm32f4xx_hal_msp.c ****     if (HAL_DMA_Init(&hdma_adc1) != HAL_OK)
 228              		.loc 1 122 29 is_stmt 0 view .LVU58
 229 008c 4562     		str	r5, [r0, #36]
 123:Src/stm32f4xx_hal_msp.c ****     {
ARM GAS  /tmp/ccbBhp2u.s 			page 8


 230              		.loc 1 123 5 is_stmt 1 view .LVU59
 123:Src/stm32f4xx_hal_msp.c ****     {
 231              		.loc 1 123 9 is_stmt 0 view .LVU60
 232 008e FFF7FEFF 		bl	HAL_DMA_Init
 233              	.LVL6:
 123:Src/stm32f4xx_hal_msp.c ****     {
 234              		.loc 1 123 8 view .LVU61
 235 0092 18B9     		cbnz	r0, .L10
 236              	.L7:
 128:Src/stm32f4xx_hal_msp.c **** 
 237              		.loc 1 128 5 is_stmt 1 view .LVU62
 128:Src/stm32f4xx_hal_msp.c **** 
 238              		.loc 1 128 5 view .LVU63
 239 0094 044B     		ldr	r3, .L11+4
 240 0096 A363     		str	r3, [r4, #56]
 128:Src/stm32f4xx_hal_msp.c **** 
 241              		.loc 1 128 5 view .LVU64
 242 0098 9C63     		str	r4, [r3, #56]
 243              		.loc 1 135 1 is_stmt 0 view .LVU65
 244 009a C0E7     		b	.L5
 245              	.L10:
 125:Src/stm32f4xx_hal_msp.c ****     }
 246              		.loc 1 125 7 is_stmt 1 view .LVU66
 247 009c FFF7FEFF 		bl	Error_Handler
 248              	.LVL7:
 249 00a0 F8E7     		b	.L7
 250              	.L12:
 251 00a2 00BF     		.align	2
 252              	.L11:
 253 00a4 00000240 		.word	1073872896
 254 00a8 00000000 		.word	hdma_adc1
 255 00ac 10640240 		.word	1073898512
 256              		.cfi_endproc
 257              	.LFE131:
 259              		.section	.text.HAL_ADC_MspDeInit,"ax",%progbits
 260              		.align	1
 261              		.global	HAL_ADC_MspDeInit
 262              		.syntax unified
 263              		.thumb
 264              		.thumb_func
 265              		.fpu fpv4-sp-d16
 267              	HAL_ADC_MspDeInit:
 268              	.LVL8:
 269              	.LFB132:
 136:Src/stm32f4xx_hal_msp.c **** 
 137:Src/stm32f4xx_hal_msp.c **** /**
 138:Src/stm32f4xx_hal_msp.c **** * @brief ADC MSP De-Initialization
 139:Src/stm32f4xx_hal_msp.c **** * This function freeze the hardware resources used in this example
 140:Src/stm32f4xx_hal_msp.c **** * @param hadc: ADC handle pointer
 141:Src/stm32f4xx_hal_msp.c **** * @retval None
 142:Src/stm32f4xx_hal_msp.c **** */
 143:Src/stm32f4xx_hal_msp.c **** void HAL_ADC_MspDeInit(ADC_HandleTypeDef* hadc)
 144:Src/stm32f4xx_hal_msp.c **** {
 270              		.loc 1 144 1 view -0
 271              		.cfi_startproc
 272              		@ args = 0, pretend = 0, frame = 0
 273              		@ frame_needed = 0, uses_anonymous_args = 0
ARM GAS  /tmp/ccbBhp2u.s 			page 9


 145:Src/stm32f4xx_hal_msp.c ****   if(hadc->Instance==ADC1)
 274              		.loc 1 145 3 view .LVU68
 275              		.loc 1 145 10 is_stmt 0 view .LVU69
 276 0000 0268     		ldr	r2, [r0]
 277              		.loc 1 145 5 view .LVU70
 278 0002 094B     		ldr	r3, .L20
 279 0004 9A42     		cmp	r2, r3
 280 0006 00D0     		beq	.L19
 281 0008 7047     		bx	lr
 282              	.L19:
 144:Src/stm32f4xx_hal_msp.c ****   if(hadc->Instance==ADC1)
 283              		.loc 1 144 1 view .LVU71
 284 000a 10B5     		push	{r4, lr}
 285              	.LCFI7:
 286              		.cfi_def_cfa_offset 8
 287              		.cfi_offset 4, -8
 288              		.cfi_offset 14, -4
 289 000c 0446     		mov	r4, r0
 146:Src/stm32f4xx_hal_msp.c ****   {
 147:Src/stm32f4xx_hal_msp.c ****   /* USER CODE BEGIN ADC1_MspDeInit 0 */
 148:Src/stm32f4xx_hal_msp.c **** 
 149:Src/stm32f4xx_hal_msp.c ****   /* USER CODE END ADC1_MspDeInit 0 */
 150:Src/stm32f4xx_hal_msp.c ****     /* Peripheral clock disable */
 151:Src/stm32f4xx_hal_msp.c ****     __HAL_RCC_ADC1_CLK_DISABLE();
 290              		.loc 1 151 5 is_stmt 1 view .LVU72
 291 000e 074A     		ldr	r2, .L20+4
 292 0010 536C     		ldr	r3, [r2, #68]
 293 0012 23F48073 		bic	r3, r3, #256
 294 0016 5364     		str	r3, [r2, #68]
 152:Src/stm32f4xx_hal_msp.c ****   
 153:Src/stm32f4xx_hal_msp.c ****     /**ADC1 GPIO Configuration    
 154:Src/stm32f4xx_hal_msp.c ****     PA1     ------> ADC1_IN1 
 155:Src/stm32f4xx_hal_msp.c ****     */
 156:Src/stm32f4xx_hal_msp.c ****     HAL_GPIO_DeInit(GPIOA, GPIO_PIN_1);
 295              		.loc 1 156 5 view .LVU73
 296 0018 0221     		movs	r1, #2
 297 001a 0548     		ldr	r0, .L20+8
 298              	.LVL9:
 299              		.loc 1 156 5 is_stmt 0 view .LVU74
 300 001c FFF7FEFF 		bl	HAL_GPIO_DeInit
 301              	.LVL10:
 157:Src/stm32f4xx_hal_msp.c **** 
 158:Src/stm32f4xx_hal_msp.c ****     /* ADC1 DMA DeInit */
 159:Src/stm32f4xx_hal_msp.c ****     HAL_DMA_DeInit(hadc->DMA_Handle);
 302              		.loc 1 159 5 is_stmt 1 view .LVU75
 303 0020 A06B     		ldr	r0, [r4, #56]
 304 0022 FFF7FEFF 		bl	HAL_DMA_DeInit
 305              	.LVL11:
 160:Src/stm32f4xx_hal_msp.c ****   /* USER CODE BEGIN ADC1_MspDeInit 1 */
 161:Src/stm32f4xx_hal_msp.c **** 
 162:Src/stm32f4xx_hal_msp.c ****   /* USER CODE END ADC1_MspDeInit 1 */
 163:Src/stm32f4xx_hal_msp.c ****   }
 164:Src/stm32f4xx_hal_msp.c **** 
 165:Src/stm32f4xx_hal_msp.c **** }
 306              		.loc 1 165 1 is_stmt 0 view .LVU76
 307 0026 10BD     		pop	{r4, pc}
 308              	.LVL12:
ARM GAS  /tmp/ccbBhp2u.s 			page 10


 309              	.L21:
 310              		.loc 1 165 1 view .LVU77
 311              		.align	2
 312              	.L20:
 313 0028 00200140 		.word	1073815552
 314 002c 00380240 		.word	1073887232
 315 0030 00000240 		.word	1073872896
 316              		.cfi_endproc
 317              	.LFE132:
 319              		.section	.text.HAL_DAC_MspInit,"ax",%progbits
 320              		.align	1
 321              		.global	HAL_DAC_MspInit
 322              		.syntax unified
 323              		.thumb
 324              		.thumb_func
 325              		.fpu fpv4-sp-d16
 327              	HAL_DAC_MspInit:
 328              	.LVL13:
 329              	.LFB133:
 166:Src/stm32f4xx_hal_msp.c **** 
 167:Src/stm32f4xx_hal_msp.c **** /**
 168:Src/stm32f4xx_hal_msp.c **** * @brief DAC MSP Initialization
 169:Src/stm32f4xx_hal_msp.c **** * This function configures the hardware resources used in this example
 170:Src/stm32f4xx_hal_msp.c **** * @param hdac: DAC handle pointer
 171:Src/stm32f4xx_hal_msp.c **** * @retval None
 172:Src/stm32f4xx_hal_msp.c **** */
 173:Src/stm32f4xx_hal_msp.c **** void HAL_DAC_MspInit(DAC_HandleTypeDef* hdac)
 174:Src/stm32f4xx_hal_msp.c **** {
 330              		.loc 1 174 1 is_stmt 1 view -0
 331              		.cfi_startproc
 332              		@ args = 0, pretend = 0, frame = 32
 333              		@ frame_needed = 0, uses_anonymous_args = 0
 334              		.loc 1 174 1 is_stmt 0 view .LVU79
 335 0000 30B5     		push	{r4, r5, lr}
 336              	.LCFI8:
 337              		.cfi_def_cfa_offset 12
 338              		.cfi_offset 4, -12
 339              		.cfi_offset 5, -8
 340              		.cfi_offset 14, -4
 341 0002 89B0     		sub	sp, sp, #36
 342              	.LCFI9:
 343              		.cfi_def_cfa_offset 48
 175:Src/stm32f4xx_hal_msp.c ****   GPIO_InitTypeDef GPIO_InitStruct = {0};
 344              		.loc 1 175 3 is_stmt 1 view .LVU80
 345              		.loc 1 175 20 is_stmt 0 view .LVU81
 346 0004 0023     		movs	r3, #0
 347 0006 0393     		str	r3, [sp, #12]
 348 0008 0493     		str	r3, [sp, #16]
 349 000a 0593     		str	r3, [sp, #20]
 350 000c 0693     		str	r3, [sp, #24]
 351 000e 0793     		str	r3, [sp, #28]
 176:Src/stm32f4xx_hal_msp.c ****   if(hdac->Instance==DAC)
 352              		.loc 1 176 3 is_stmt 1 view .LVU82
 353              		.loc 1 176 10 is_stmt 0 view .LVU83
 354 0010 0268     		ldr	r2, [r0]
 355              		.loc 1 176 5 view .LVU84
 356 0012 284B     		ldr	r3, .L28
ARM GAS  /tmp/ccbBhp2u.s 			page 11


 357 0014 9A42     		cmp	r2, r3
 358 0016 01D0     		beq	.L26
 359              	.LVL14:
 360              	.L22:
 177:Src/stm32f4xx_hal_msp.c ****   {
 178:Src/stm32f4xx_hal_msp.c ****   /* USER CODE BEGIN DAC_MspInit 0 */
 179:Src/stm32f4xx_hal_msp.c **** 
 180:Src/stm32f4xx_hal_msp.c ****   /* USER CODE END DAC_MspInit 0 */
 181:Src/stm32f4xx_hal_msp.c ****     /* Peripheral clock enable */
 182:Src/stm32f4xx_hal_msp.c ****     __HAL_RCC_DAC_CLK_ENABLE();
 183:Src/stm32f4xx_hal_msp.c ****   
 184:Src/stm32f4xx_hal_msp.c ****     __HAL_RCC_GPIOA_CLK_ENABLE();
 185:Src/stm32f4xx_hal_msp.c ****     /**DAC GPIO Configuration    
 186:Src/stm32f4xx_hal_msp.c ****     PA4     ------> DAC_OUT1 
 187:Src/stm32f4xx_hal_msp.c ****     */
 188:Src/stm32f4xx_hal_msp.c ****     GPIO_InitStruct.Pin = GPIO_PIN_4;
 189:Src/stm32f4xx_hal_msp.c ****     GPIO_InitStruct.Mode = GPIO_MODE_ANALOG;
 190:Src/stm32f4xx_hal_msp.c ****     GPIO_InitStruct.Pull = GPIO_NOPULL;
 191:Src/stm32f4xx_hal_msp.c ****     HAL_GPIO_Init(GPIOA, &GPIO_InitStruct);
 192:Src/stm32f4xx_hal_msp.c **** 
 193:Src/stm32f4xx_hal_msp.c ****     /* DAC DMA Init */
 194:Src/stm32f4xx_hal_msp.c ****     /* DAC1 Init */
 195:Src/stm32f4xx_hal_msp.c ****     hdma_dac1.Instance = DMA1_Stream5;
 196:Src/stm32f4xx_hal_msp.c ****     hdma_dac1.Init.Channel = DMA_CHANNEL_7;
 197:Src/stm32f4xx_hal_msp.c ****     hdma_dac1.Init.Direction = DMA_MEMORY_TO_PERIPH;
 198:Src/stm32f4xx_hal_msp.c ****     hdma_dac1.Init.PeriphInc = DMA_PINC_DISABLE;
 199:Src/stm32f4xx_hal_msp.c ****     hdma_dac1.Init.MemInc = DMA_MINC_ENABLE;
 200:Src/stm32f4xx_hal_msp.c ****     hdma_dac1.Init.PeriphDataAlignment = DMA_PDATAALIGN_HALFWORD;
 201:Src/stm32f4xx_hal_msp.c ****     hdma_dac1.Init.MemDataAlignment = DMA_MDATAALIGN_HALFWORD;
 202:Src/stm32f4xx_hal_msp.c ****     hdma_dac1.Init.Mode = DMA_CIRCULAR;
 203:Src/stm32f4xx_hal_msp.c ****     hdma_dac1.Init.Priority = DMA_PRIORITY_HIGH;
 204:Src/stm32f4xx_hal_msp.c ****     hdma_dac1.Init.FIFOMode = DMA_FIFOMODE_DISABLE;
 205:Src/stm32f4xx_hal_msp.c ****     if (HAL_DMA_Init(&hdma_dac1) != HAL_OK)
 206:Src/stm32f4xx_hal_msp.c ****     {
 207:Src/stm32f4xx_hal_msp.c ****       Error_Handler();
 208:Src/stm32f4xx_hal_msp.c ****     }
 209:Src/stm32f4xx_hal_msp.c **** 
 210:Src/stm32f4xx_hal_msp.c ****     __HAL_LINKDMA(hdac,DMA_Handle1,hdma_dac1);
 211:Src/stm32f4xx_hal_msp.c **** 
 212:Src/stm32f4xx_hal_msp.c ****     /* DAC interrupt Init */
 213:Src/stm32f4xx_hal_msp.c ****     HAL_NVIC_SetPriority(TIM6_DAC_IRQn, 0, 0);
 214:Src/stm32f4xx_hal_msp.c ****     HAL_NVIC_EnableIRQ(TIM6_DAC_IRQn);
 215:Src/stm32f4xx_hal_msp.c ****   /* USER CODE BEGIN DAC_MspInit 1 */
 216:Src/stm32f4xx_hal_msp.c **** 
 217:Src/stm32f4xx_hal_msp.c ****   /* USER CODE END DAC_MspInit 1 */
 218:Src/stm32f4xx_hal_msp.c ****   }
 219:Src/stm32f4xx_hal_msp.c **** 
 220:Src/stm32f4xx_hal_msp.c **** }
 361              		.loc 1 220 1 view .LVU85
 362 0018 09B0     		add	sp, sp, #36
 363              	.LCFI10:
 364              		.cfi_remember_state
 365              		.cfi_def_cfa_offset 12
 366              		@ sp needed
 367 001a 30BD     		pop	{r4, r5, pc}
 368              	.LVL15:
 369              	.L26:
ARM GAS  /tmp/ccbBhp2u.s 			page 12


 370              	.LCFI11:
 371              		.cfi_restore_state
 372              		.loc 1 220 1 view .LVU86
 373 001c 0446     		mov	r4, r0
 182:Src/stm32f4xx_hal_msp.c ****   
 374              		.loc 1 182 5 is_stmt 1 view .LVU87
 375              	.LBB6:
 182:Src/stm32f4xx_hal_msp.c ****   
 376              		.loc 1 182 5 view .LVU88
 377 001e 0025     		movs	r5, #0
 378 0020 0195     		str	r5, [sp, #4]
 182:Src/stm32f4xx_hal_msp.c ****   
 379              		.loc 1 182 5 view .LVU89
 380 0022 03F5E233 		add	r3, r3, #115712
 381 0026 1A6C     		ldr	r2, [r3, #64]
 382 0028 42F00052 		orr	r2, r2, #536870912
 383 002c 1A64     		str	r2, [r3, #64]
 182:Src/stm32f4xx_hal_msp.c ****   
 384              		.loc 1 182 5 view .LVU90
 385 002e 1A6C     		ldr	r2, [r3, #64]
 386 0030 02F00052 		and	r2, r2, #536870912
 387 0034 0192     		str	r2, [sp, #4]
 182:Src/stm32f4xx_hal_msp.c ****   
 388              		.loc 1 182 5 view .LVU91
 389 0036 019A     		ldr	r2, [sp, #4]
 390              	.LBE6:
 184:Src/stm32f4xx_hal_msp.c ****     /**DAC GPIO Configuration    
 391              		.loc 1 184 5 view .LVU92
 392              	.LBB7:
 184:Src/stm32f4xx_hal_msp.c ****     /**DAC GPIO Configuration    
 393              		.loc 1 184 5 view .LVU93
 394 0038 0295     		str	r5, [sp, #8]
 184:Src/stm32f4xx_hal_msp.c ****     /**DAC GPIO Configuration    
 395              		.loc 1 184 5 view .LVU94
 396 003a 1A6B     		ldr	r2, [r3, #48]
 397 003c 42F00102 		orr	r2, r2, #1
 398 0040 1A63     		str	r2, [r3, #48]
 184:Src/stm32f4xx_hal_msp.c ****     /**DAC GPIO Configuration    
 399              		.loc 1 184 5 view .LVU95
 400 0042 1B6B     		ldr	r3, [r3, #48]
 401 0044 03F00103 		and	r3, r3, #1
 402 0048 0293     		str	r3, [sp, #8]
 184:Src/stm32f4xx_hal_msp.c ****     /**DAC GPIO Configuration    
 403              		.loc 1 184 5 view .LVU96
 404 004a 029B     		ldr	r3, [sp, #8]
 405              	.LBE7:
 188:Src/stm32f4xx_hal_msp.c ****     GPIO_InitStruct.Mode = GPIO_MODE_ANALOG;
 406              		.loc 1 188 5 view .LVU97
 188:Src/stm32f4xx_hal_msp.c ****     GPIO_InitStruct.Mode = GPIO_MODE_ANALOG;
 407              		.loc 1 188 25 is_stmt 0 view .LVU98
 408 004c 1023     		movs	r3, #16
 409 004e 0393     		str	r3, [sp, #12]
 189:Src/stm32f4xx_hal_msp.c ****     GPIO_InitStruct.Pull = GPIO_NOPULL;
 410              		.loc 1 189 5 is_stmt 1 view .LVU99
 189:Src/stm32f4xx_hal_msp.c ****     GPIO_InitStruct.Pull = GPIO_NOPULL;
 411              		.loc 1 189 26 is_stmt 0 view .LVU100
 412 0050 0323     		movs	r3, #3
ARM GAS  /tmp/ccbBhp2u.s 			page 13


 413 0052 0493     		str	r3, [sp, #16]
 190:Src/stm32f4xx_hal_msp.c ****     HAL_GPIO_Init(GPIOA, &GPIO_InitStruct);
 414              		.loc 1 190 5 is_stmt 1 view .LVU101
 191:Src/stm32f4xx_hal_msp.c **** 
 415              		.loc 1 191 5 view .LVU102
 416 0054 03A9     		add	r1, sp, #12
 417 0056 1848     		ldr	r0, .L28+4
 418              	.LVL16:
 191:Src/stm32f4xx_hal_msp.c **** 
 419              		.loc 1 191 5 is_stmt 0 view .LVU103
 420 0058 FFF7FEFF 		bl	HAL_GPIO_Init
 421              	.LVL17:
 195:Src/stm32f4xx_hal_msp.c ****     hdma_dac1.Init.Channel = DMA_CHANNEL_7;
 422              		.loc 1 195 5 is_stmt 1 view .LVU104
 195:Src/stm32f4xx_hal_msp.c ****     hdma_dac1.Init.Channel = DMA_CHANNEL_7;
 423              		.loc 1 195 24 is_stmt 0 view .LVU105
 424 005c 1748     		ldr	r0, .L28+8
 425 005e 184B     		ldr	r3, .L28+12
 426 0060 0360     		str	r3, [r0]
 196:Src/stm32f4xx_hal_msp.c ****     hdma_dac1.Init.Direction = DMA_MEMORY_TO_PERIPH;
 427              		.loc 1 196 5 is_stmt 1 view .LVU106
 196:Src/stm32f4xx_hal_msp.c ****     hdma_dac1.Init.Direction = DMA_MEMORY_TO_PERIPH;
 428              		.loc 1 196 28 is_stmt 0 view .LVU107
 429 0062 4FF06063 		mov	r3, #234881024
 430 0066 4360     		str	r3, [r0, #4]
 197:Src/stm32f4xx_hal_msp.c ****     hdma_dac1.Init.PeriphInc = DMA_PINC_DISABLE;
 431              		.loc 1 197 5 is_stmt 1 view .LVU108
 197:Src/stm32f4xx_hal_msp.c ****     hdma_dac1.Init.PeriphInc = DMA_PINC_DISABLE;
 432              		.loc 1 197 30 is_stmt 0 view .LVU109
 433 0068 4023     		movs	r3, #64
 434 006a 8360     		str	r3, [r0, #8]
 198:Src/stm32f4xx_hal_msp.c ****     hdma_dac1.Init.MemInc = DMA_MINC_ENABLE;
 435              		.loc 1 198 5 is_stmt 1 view .LVU110
 198:Src/stm32f4xx_hal_msp.c ****     hdma_dac1.Init.MemInc = DMA_MINC_ENABLE;
 436              		.loc 1 198 30 is_stmt 0 view .LVU111
 437 006c C560     		str	r5, [r0, #12]
 199:Src/stm32f4xx_hal_msp.c ****     hdma_dac1.Init.PeriphDataAlignment = DMA_PDATAALIGN_HALFWORD;
 438              		.loc 1 199 5 is_stmt 1 view .LVU112
 199:Src/stm32f4xx_hal_msp.c ****     hdma_dac1.Init.PeriphDataAlignment = DMA_PDATAALIGN_HALFWORD;
 439              		.loc 1 199 27 is_stmt 0 view .LVU113
 440 006e 4FF48063 		mov	r3, #1024
 441 0072 0361     		str	r3, [r0, #16]
 200:Src/stm32f4xx_hal_msp.c ****     hdma_dac1.Init.MemDataAlignment = DMA_MDATAALIGN_HALFWORD;
 442              		.loc 1 200 5 is_stmt 1 view .LVU114
 200:Src/stm32f4xx_hal_msp.c ****     hdma_dac1.Init.MemDataAlignment = DMA_MDATAALIGN_HALFWORD;
 443              		.loc 1 200 40 is_stmt 0 view .LVU115
 444 0074 4FF40063 		mov	r3, #2048
 445 0078 4361     		str	r3, [r0, #20]
 201:Src/stm32f4xx_hal_msp.c ****     hdma_dac1.Init.Mode = DMA_CIRCULAR;
 446              		.loc 1 201 5 is_stmt 1 view .LVU116
 201:Src/stm32f4xx_hal_msp.c ****     hdma_dac1.Init.Mode = DMA_CIRCULAR;
 447              		.loc 1 201 37 is_stmt 0 view .LVU117
 448 007a 4FF40053 		mov	r3, #8192
 449 007e 8361     		str	r3, [r0, #24]
 202:Src/stm32f4xx_hal_msp.c ****     hdma_dac1.Init.Priority = DMA_PRIORITY_HIGH;
 450              		.loc 1 202 5 is_stmt 1 view .LVU118
 202:Src/stm32f4xx_hal_msp.c ****     hdma_dac1.Init.Priority = DMA_PRIORITY_HIGH;
ARM GAS  /tmp/ccbBhp2u.s 			page 14


 451              		.loc 1 202 25 is_stmt 0 view .LVU119
 452 0080 4FF48073 		mov	r3, #256
 453 0084 C361     		str	r3, [r0, #28]
 203:Src/stm32f4xx_hal_msp.c ****     hdma_dac1.Init.FIFOMode = DMA_FIFOMODE_DISABLE;
 454              		.loc 1 203 5 is_stmt 1 view .LVU120
 203:Src/stm32f4xx_hal_msp.c ****     hdma_dac1.Init.FIFOMode = DMA_FIFOMODE_DISABLE;
 455              		.loc 1 203 29 is_stmt 0 view .LVU121
 456 0086 4FF40033 		mov	r3, #131072
 457 008a 0362     		str	r3, [r0, #32]
 204:Src/stm32f4xx_hal_msp.c ****     if (HAL_DMA_Init(&hdma_dac1) != HAL_OK)
 458              		.loc 1 204 5 is_stmt 1 view .LVU122
 204:Src/stm32f4xx_hal_msp.c ****     if (HAL_DMA_Init(&hdma_dac1) != HAL_OK)
 459              		.loc 1 204 29 is_stmt 0 view .LVU123
 460 008c 4562     		str	r5, [r0, #36]
 205:Src/stm32f4xx_hal_msp.c ****     {
 461              		.loc 1 205 5 is_stmt 1 view .LVU124
 205:Src/stm32f4xx_hal_msp.c ****     {
 462              		.loc 1 205 9 is_stmt 0 view .LVU125
 463 008e FFF7FEFF 		bl	HAL_DMA_Init
 464              	.LVL18:
 205:Src/stm32f4xx_hal_msp.c ****     {
 465              		.loc 1 205 8 view .LVU126
 466 0092 58B9     		cbnz	r0, .L27
 467              	.L24:
 210:Src/stm32f4xx_hal_msp.c **** 
 468              		.loc 1 210 5 is_stmt 1 view .LVU127
 210:Src/stm32f4xx_hal_msp.c **** 
 469              		.loc 1 210 5 view .LVU128
 470 0094 094B     		ldr	r3, .L28+8
 471 0096 A360     		str	r3, [r4, #8]
 210:Src/stm32f4xx_hal_msp.c **** 
 472              		.loc 1 210 5 view .LVU129
 473 0098 9C63     		str	r4, [r3, #56]
 213:Src/stm32f4xx_hal_msp.c ****     HAL_NVIC_EnableIRQ(TIM6_DAC_IRQn);
 474              		.loc 1 213 5 view .LVU130
 475 009a 0022     		movs	r2, #0
 476 009c 1146     		mov	r1, r2
 477 009e 3620     		movs	r0, #54
 478 00a0 FFF7FEFF 		bl	HAL_NVIC_SetPriority
 479              	.LVL19:
 214:Src/stm32f4xx_hal_msp.c ****   /* USER CODE BEGIN DAC_MspInit 1 */
 480              		.loc 1 214 5 view .LVU131
 481 00a4 3620     		movs	r0, #54
 482 00a6 FFF7FEFF 		bl	HAL_NVIC_EnableIRQ
 483              	.LVL20:
 484              		.loc 1 220 1 is_stmt 0 view .LVU132
 485 00aa B5E7     		b	.L22
 486              	.L27:
 207:Src/stm32f4xx_hal_msp.c ****     }
 487              		.loc 1 207 7 is_stmt 1 view .LVU133
 488 00ac FFF7FEFF 		bl	Error_Handler
 489              	.LVL21:
 490 00b0 F0E7     		b	.L24
 491              	.L29:
 492 00b2 00BF     		.align	2
 493              	.L28:
 494 00b4 00740040 		.word	1073771520
ARM GAS  /tmp/ccbBhp2u.s 			page 15


 495 00b8 00000240 		.word	1073872896
 496 00bc 00000000 		.word	hdma_dac1
 497 00c0 88600240 		.word	1073897608
 498              		.cfi_endproc
 499              	.LFE133:
 501              		.section	.text.HAL_DAC_MspDeInit,"ax",%progbits
 502              		.align	1
 503              		.global	HAL_DAC_MspDeInit
 504              		.syntax unified
 505              		.thumb
 506              		.thumb_func
 507              		.fpu fpv4-sp-d16
 509              	HAL_DAC_MspDeInit:
 510              	.LVL22:
 511              	.LFB134:
 221:Src/stm32f4xx_hal_msp.c **** 
 222:Src/stm32f4xx_hal_msp.c **** /**
 223:Src/stm32f4xx_hal_msp.c **** * @brief DAC MSP De-Initialization
 224:Src/stm32f4xx_hal_msp.c **** * This function freeze the hardware resources used in this example
 225:Src/stm32f4xx_hal_msp.c **** * @param hdac: DAC handle pointer
 226:Src/stm32f4xx_hal_msp.c **** * @retval None
 227:Src/stm32f4xx_hal_msp.c **** */
 228:Src/stm32f4xx_hal_msp.c **** void HAL_DAC_MspDeInit(DAC_HandleTypeDef* hdac)
 229:Src/stm32f4xx_hal_msp.c **** {
 512              		.loc 1 229 1 view -0
 513              		.cfi_startproc
 514              		@ args = 0, pretend = 0, frame = 0
 515              		@ frame_needed = 0, uses_anonymous_args = 0
 230:Src/stm32f4xx_hal_msp.c ****   if(hdac->Instance==DAC)
 516              		.loc 1 230 3 view .LVU135
 517              		.loc 1 230 10 is_stmt 0 view .LVU136
 518 0000 0268     		ldr	r2, [r0]
 519              		.loc 1 230 5 view .LVU137
 520 0002 094B     		ldr	r3, .L37
 521 0004 9A42     		cmp	r2, r3
 522 0006 00D0     		beq	.L36
 523 0008 7047     		bx	lr
 524              	.L36:
 229:Src/stm32f4xx_hal_msp.c ****   if(hdac->Instance==DAC)
 525              		.loc 1 229 1 view .LVU138
 526 000a 10B5     		push	{r4, lr}
 527              	.LCFI12:
 528              		.cfi_def_cfa_offset 8
 529              		.cfi_offset 4, -8
 530              		.cfi_offset 14, -4
 531 000c 0446     		mov	r4, r0
 231:Src/stm32f4xx_hal_msp.c ****   {
 232:Src/stm32f4xx_hal_msp.c ****   /* USER CODE BEGIN DAC_MspDeInit 0 */
 233:Src/stm32f4xx_hal_msp.c **** 
 234:Src/stm32f4xx_hal_msp.c ****   /* USER CODE END DAC_MspDeInit 0 */
 235:Src/stm32f4xx_hal_msp.c ****     /* Peripheral clock disable */
 236:Src/stm32f4xx_hal_msp.c ****     __HAL_RCC_DAC_CLK_DISABLE();
 532              		.loc 1 236 5 is_stmt 1 view .LVU139
 533 000e 074A     		ldr	r2, .L37+4
 534 0010 136C     		ldr	r3, [r2, #64]
 535 0012 23F00053 		bic	r3, r3, #536870912
 536 0016 1364     		str	r3, [r2, #64]
ARM GAS  /tmp/ccbBhp2u.s 			page 16


 237:Src/stm32f4xx_hal_msp.c ****   
 238:Src/stm32f4xx_hal_msp.c ****     /**DAC GPIO Configuration    
 239:Src/stm32f4xx_hal_msp.c ****     PA4     ------> DAC_OUT1 
 240:Src/stm32f4xx_hal_msp.c ****     */
 241:Src/stm32f4xx_hal_msp.c ****     HAL_GPIO_DeInit(GPIOA, GPIO_PIN_4);
 537              		.loc 1 241 5 view .LVU140
 538 0018 1021     		movs	r1, #16
 539 001a 0548     		ldr	r0, .L37+8
 540              	.LVL23:
 541              		.loc 1 241 5 is_stmt 0 view .LVU141
 542 001c FFF7FEFF 		bl	HAL_GPIO_DeInit
 543              	.LVL24:
 242:Src/stm32f4xx_hal_msp.c **** 
 243:Src/stm32f4xx_hal_msp.c ****     /* DAC DMA DeInit */
 244:Src/stm32f4xx_hal_msp.c ****     HAL_DMA_DeInit(hdac->DMA_Handle1);
 544              		.loc 1 244 5 is_stmt 1 view .LVU142
 545 0020 A068     		ldr	r0, [r4, #8]
 546 0022 FFF7FEFF 		bl	HAL_DMA_DeInit
 547              	.LVL25:
 245:Src/stm32f4xx_hal_msp.c **** 
 246:Src/stm32f4xx_hal_msp.c ****     /* DAC interrupt DeInit */
 247:Src/stm32f4xx_hal_msp.c ****   /* USER CODE BEGIN DAC:TIM6_DAC_IRQn disable */
 248:Src/stm32f4xx_hal_msp.c ****     /**
 249:Src/stm32f4xx_hal_msp.c ****     * Uncomment the line below to disable the "TIM6_DAC_IRQn" interrupt
 250:Src/stm32f4xx_hal_msp.c ****     * Be aware, disabling shared interrupt may affect other IPs
 251:Src/stm32f4xx_hal_msp.c ****     */
 252:Src/stm32f4xx_hal_msp.c ****     /* HAL_NVIC_DisableIRQ(TIM6_DAC_IRQn); */
 253:Src/stm32f4xx_hal_msp.c ****   /* USER CODE END DAC:TIM6_DAC_IRQn disable */
 254:Src/stm32f4xx_hal_msp.c **** 
 255:Src/stm32f4xx_hal_msp.c ****   /* USER CODE BEGIN DAC_MspDeInit 1 */
 256:Src/stm32f4xx_hal_msp.c **** 
 257:Src/stm32f4xx_hal_msp.c ****   /* USER CODE END DAC_MspDeInit 1 */
 258:Src/stm32f4xx_hal_msp.c ****   }
 259:Src/stm32f4xx_hal_msp.c **** 
 260:Src/stm32f4xx_hal_msp.c **** }
 548              		.loc 1 260 1 is_stmt 0 view .LVU143
 549 0026 10BD     		pop	{r4, pc}
 550              	.LVL26:
 551              	.L38:
 552              		.loc 1 260 1 view .LVU144
 553              		.align	2
 554              	.L37:
 555 0028 00740040 		.word	1073771520
 556 002c 00380240 		.word	1073887232
 557 0030 00000240 		.word	1073872896
 558              		.cfi_endproc
 559              	.LFE134:
 561              		.section	.text.HAL_TIM_Base_MspInit,"ax",%progbits
 562              		.align	1
 563              		.global	HAL_TIM_Base_MspInit
 564              		.syntax unified
 565              		.thumb
 566              		.thumb_func
 567              		.fpu fpv4-sp-d16
 569              	HAL_TIM_Base_MspInit:
 570              	.LVL27:
 571              	.LFB135:
ARM GAS  /tmp/ccbBhp2u.s 			page 17


 261:Src/stm32f4xx_hal_msp.c **** 
 262:Src/stm32f4xx_hal_msp.c **** /**
 263:Src/stm32f4xx_hal_msp.c **** * @brief TIM_Base MSP Initialization
 264:Src/stm32f4xx_hal_msp.c **** * This function configures the hardware resources used in this example
 265:Src/stm32f4xx_hal_msp.c **** * @param htim_base: TIM_Base handle pointer
 266:Src/stm32f4xx_hal_msp.c **** * @retval None
 267:Src/stm32f4xx_hal_msp.c **** */
 268:Src/stm32f4xx_hal_msp.c **** void HAL_TIM_Base_MspInit(TIM_HandleTypeDef* htim_base)
 269:Src/stm32f4xx_hal_msp.c **** {
 572              		.loc 1 269 1 is_stmt 1 view -0
 573              		.cfi_startproc
 574              		@ args = 0, pretend = 0, frame = 8
 575              		@ frame_needed = 0, uses_anonymous_args = 0
 576              		.loc 1 269 1 is_stmt 0 view .LVU146
 577 0000 00B5     		push	{lr}
 578              	.LCFI13:
 579              		.cfi_def_cfa_offset 4
 580              		.cfi_offset 14, -4
 581 0002 83B0     		sub	sp, sp, #12
 582              	.LCFI14:
 583              		.cfi_def_cfa_offset 16
 270:Src/stm32f4xx_hal_msp.c ****   if(htim_base->Instance==TIM2)
 584              		.loc 1 270 3 is_stmt 1 view .LVU147
 585              		.loc 1 270 15 is_stmt 0 view .LVU148
 586 0004 0368     		ldr	r3, [r0]
 587              		.loc 1 270 5 view .LVU149
 588 0006 B3F1804F 		cmp	r3, #1073741824
 589 000a 05D0     		beq	.L43
 271:Src/stm32f4xx_hal_msp.c ****   {
 272:Src/stm32f4xx_hal_msp.c ****   /* USER CODE BEGIN TIM2_MspInit 0 */
 273:Src/stm32f4xx_hal_msp.c **** 
 274:Src/stm32f4xx_hal_msp.c ****   /* USER CODE END TIM2_MspInit 0 */
 275:Src/stm32f4xx_hal_msp.c ****     /* Peripheral clock enable */
 276:Src/stm32f4xx_hal_msp.c ****     __HAL_RCC_TIM2_CLK_ENABLE();
 277:Src/stm32f4xx_hal_msp.c ****   /* USER CODE BEGIN TIM2_MspInit 1 */
 278:Src/stm32f4xx_hal_msp.c **** 
 279:Src/stm32f4xx_hal_msp.c ****   /* USER CODE END TIM2_MspInit 1 */
 280:Src/stm32f4xx_hal_msp.c ****   }
 281:Src/stm32f4xx_hal_msp.c ****   else if(htim_base->Instance==TIM6)
 590              		.loc 1 281 8 is_stmt 1 view .LVU150
 591              		.loc 1 281 10 is_stmt 0 view .LVU151
 592 000c 134A     		ldr	r2, .L45
 593 000e 9342     		cmp	r3, r2
 594 0010 0FD0     		beq	.L44
 595              	.LVL28:
 596              	.L39:
 282:Src/stm32f4xx_hal_msp.c ****   {
 283:Src/stm32f4xx_hal_msp.c ****   /* USER CODE BEGIN TIM6_MspInit 0 */
 284:Src/stm32f4xx_hal_msp.c **** 
 285:Src/stm32f4xx_hal_msp.c ****   /* USER CODE END TIM6_MspInit 0 */
 286:Src/stm32f4xx_hal_msp.c ****     /* Peripheral clock enable */
 287:Src/stm32f4xx_hal_msp.c ****     __HAL_RCC_TIM6_CLK_ENABLE();
 288:Src/stm32f4xx_hal_msp.c ****     /* TIM6 interrupt Init */
 289:Src/stm32f4xx_hal_msp.c ****     HAL_NVIC_SetPriority(TIM6_DAC_IRQn, 0, 0);
 290:Src/stm32f4xx_hal_msp.c ****     HAL_NVIC_EnableIRQ(TIM6_DAC_IRQn);
 291:Src/stm32f4xx_hal_msp.c ****   /* USER CODE BEGIN TIM6_MspInit 1 */
 292:Src/stm32f4xx_hal_msp.c **** 
ARM GAS  /tmp/ccbBhp2u.s 			page 18


 293:Src/stm32f4xx_hal_msp.c ****   /* USER CODE END TIM6_MspInit 1 */
 294:Src/stm32f4xx_hal_msp.c ****   }
 295:Src/stm32f4xx_hal_msp.c **** 
 296:Src/stm32f4xx_hal_msp.c **** }
 597              		.loc 1 296 1 view .LVU152
 598 0012 03B0     		add	sp, sp, #12
 599              	.LCFI15:
 600              		.cfi_remember_state
 601              		.cfi_def_cfa_offset 4
 602              		@ sp needed
 603 0014 5DF804FB 		ldr	pc, [sp], #4
 604              	.LVL29:
 605              	.L43:
 606              	.LCFI16:
 607              		.cfi_restore_state
 276:Src/stm32f4xx_hal_msp.c ****   /* USER CODE BEGIN TIM2_MspInit 1 */
 608              		.loc 1 276 5 is_stmt 1 view .LVU153
 609              	.LBB8:
 276:Src/stm32f4xx_hal_msp.c ****   /* USER CODE BEGIN TIM2_MspInit 1 */
 610              		.loc 1 276 5 view .LVU154
 611 0018 0023     		movs	r3, #0
 612 001a 0093     		str	r3, [sp]
 276:Src/stm32f4xx_hal_msp.c ****   /* USER CODE BEGIN TIM2_MspInit 1 */
 613              		.loc 1 276 5 view .LVU155
 614 001c 104B     		ldr	r3, .L45+4
 615 001e 1A6C     		ldr	r2, [r3, #64]
 616 0020 42F00102 		orr	r2, r2, #1
 617 0024 1A64     		str	r2, [r3, #64]
 276:Src/stm32f4xx_hal_msp.c ****   /* USER CODE BEGIN TIM2_MspInit 1 */
 618              		.loc 1 276 5 view .LVU156
 619 0026 1B6C     		ldr	r3, [r3, #64]
 620 0028 03F00103 		and	r3, r3, #1
 621 002c 0093     		str	r3, [sp]
 276:Src/stm32f4xx_hal_msp.c ****   /* USER CODE BEGIN TIM2_MspInit 1 */
 622              		.loc 1 276 5 view .LVU157
 623 002e 009B     		ldr	r3, [sp]
 624              	.LBE8:
 625 0030 EFE7     		b	.L39
 626              	.L44:
 287:Src/stm32f4xx_hal_msp.c ****     /* TIM6 interrupt Init */
 627              		.loc 1 287 5 view .LVU158
 628              	.LBB9:
 287:Src/stm32f4xx_hal_msp.c ****     /* TIM6 interrupt Init */
 629              		.loc 1 287 5 view .LVU159
 630 0032 0021     		movs	r1, #0
 631 0034 0191     		str	r1, [sp, #4]
 287:Src/stm32f4xx_hal_msp.c ****     /* TIM6 interrupt Init */
 632              		.loc 1 287 5 view .LVU160
 633 0036 0A4B     		ldr	r3, .L45+4
 634 0038 1A6C     		ldr	r2, [r3, #64]
 635 003a 42F01002 		orr	r2, r2, #16
 636 003e 1A64     		str	r2, [r3, #64]
 287:Src/stm32f4xx_hal_msp.c ****     /* TIM6 interrupt Init */
 637              		.loc 1 287 5 view .LVU161
 638 0040 1B6C     		ldr	r3, [r3, #64]
 639 0042 03F01003 		and	r3, r3, #16
 640 0046 0193     		str	r3, [sp, #4]
ARM GAS  /tmp/ccbBhp2u.s 			page 19


 287:Src/stm32f4xx_hal_msp.c ****     /* TIM6 interrupt Init */
 641              		.loc 1 287 5 view .LVU162
 642 0048 019B     		ldr	r3, [sp, #4]
 643              	.LBE9:
 289:Src/stm32f4xx_hal_msp.c ****     HAL_NVIC_EnableIRQ(TIM6_DAC_IRQn);
 644              		.loc 1 289 5 view .LVU163
 645 004a 0A46     		mov	r2, r1
 646 004c 3620     		movs	r0, #54
 647              	.LVL30:
 289:Src/stm32f4xx_hal_msp.c ****     HAL_NVIC_EnableIRQ(TIM6_DAC_IRQn);
 648              		.loc 1 289 5 is_stmt 0 view .LVU164
 649 004e FFF7FEFF 		bl	HAL_NVIC_SetPriority
 650              	.LVL31:
 290:Src/stm32f4xx_hal_msp.c ****   /* USER CODE BEGIN TIM6_MspInit 1 */
 651              		.loc 1 290 5 is_stmt 1 view .LVU165
 652 0052 3620     		movs	r0, #54
 653 0054 FFF7FEFF 		bl	HAL_NVIC_EnableIRQ
 654              	.LVL32:
 655              		.loc 1 296 1 is_stmt 0 view .LVU166
 656 0058 DBE7     		b	.L39
 657              	.L46:
 658 005a 00BF     		.align	2
 659              	.L45:
 660 005c 00100040 		.word	1073745920
 661 0060 00380240 		.word	1073887232
 662              		.cfi_endproc
 663              	.LFE135:
 665              		.section	.text.HAL_TIM_Base_MspDeInit,"ax",%progbits
 666              		.align	1
 667              		.global	HAL_TIM_Base_MspDeInit
 668              		.syntax unified
 669              		.thumb
 670              		.thumb_func
 671              		.fpu fpv4-sp-d16
 673              	HAL_TIM_Base_MspDeInit:
 674              	.LVL33:
 675              	.LFB136:
 297:Src/stm32f4xx_hal_msp.c **** 
 298:Src/stm32f4xx_hal_msp.c **** /**
 299:Src/stm32f4xx_hal_msp.c **** * @brief TIM_Base MSP De-Initialization
 300:Src/stm32f4xx_hal_msp.c **** * This function freeze the hardware resources used in this example
 301:Src/stm32f4xx_hal_msp.c **** * @param htim_base: TIM_Base handle pointer
 302:Src/stm32f4xx_hal_msp.c **** * @retval None
 303:Src/stm32f4xx_hal_msp.c **** */
 304:Src/stm32f4xx_hal_msp.c **** void HAL_TIM_Base_MspDeInit(TIM_HandleTypeDef* htim_base)
 305:Src/stm32f4xx_hal_msp.c **** {
 676              		.loc 1 305 1 is_stmt 1 view -0
 677              		.cfi_startproc
 678              		@ args = 0, pretend = 0, frame = 0
 679              		@ frame_needed = 0, uses_anonymous_args = 0
 680              		@ link register save eliminated.
 306:Src/stm32f4xx_hal_msp.c ****   if(htim_base->Instance==TIM2)
 681              		.loc 1 306 3 view .LVU168
 682              		.loc 1 306 15 is_stmt 0 view .LVU169
 683 0000 0368     		ldr	r3, [r0]
 684              		.loc 1 306 5 view .LVU170
 685 0002 B3F1804F 		cmp	r3, #1073741824
ARM GAS  /tmp/ccbBhp2u.s 			page 20


 686 0006 03D0     		beq	.L50
 307:Src/stm32f4xx_hal_msp.c ****   {
 308:Src/stm32f4xx_hal_msp.c ****   /* USER CODE BEGIN TIM2_MspDeInit 0 */
 309:Src/stm32f4xx_hal_msp.c **** 
 310:Src/stm32f4xx_hal_msp.c ****   /* USER CODE END TIM2_MspDeInit 0 */
 311:Src/stm32f4xx_hal_msp.c ****     /* Peripheral clock disable */
 312:Src/stm32f4xx_hal_msp.c ****     __HAL_RCC_TIM2_CLK_DISABLE();
 313:Src/stm32f4xx_hal_msp.c ****   /* USER CODE BEGIN TIM2_MspDeInit 1 */
 314:Src/stm32f4xx_hal_msp.c **** 
 315:Src/stm32f4xx_hal_msp.c ****   /* USER CODE END TIM2_MspDeInit 1 */
 316:Src/stm32f4xx_hal_msp.c ****   }
 317:Src/stm32f4xx_hal_msp.c ****   else if(htim_base->Instance==TIM6)
 687              		.loc 1 317 8 is_stmt 1 view .LVU171
 688              		.loc 1 317 10 is_stmt 0 view .LVU172
 689 0008 084A     		ldr	r2, .L52
 690 000a 9342     		cmp	r3, r2
 691 000c 06D0     		beq	.L51
 692              	.L47:
 318:Src/stm32f4xx_hal_msp.c ****   {
 319:Src/stm32f4xx_hal_msp.c ****   /* USER CODE BEGIN TIM6_MspDeInit 0 */
 320:Src/stm32f4xx_hal_msp.c **** 
 321:Src/stm32f4xx_hal_msp.c ****   /* USER CODE END TIM6_MspDeInit 0 */
 322:Src/stm32f4xx_hal_msp.c ****     /* Peripheral clock disable */
 323:Src/stm32f4xx_hal_msp.c ****     __HAL_RCC_TIM6_CLK_DISABLE();
 324:Src/stm32f4xx_hal_msp.c **** 
 325:Src/stm32f4xx_hal_msp.c ****     /* TIM6 interrupt DeInit */
 326:Src/stm32f4xx_hal_msp.c ****   /* USER CODE BEGIN TIM6:TIM6_DAC_IRQn disable */
 327:Src/stm32f4xx_hal_msp.c ****     /**
 328:Src/stm32f4xx_hal_msp.c ****     * Uncomment the line below to disable the "TIM6_DAC_IRQn" interrupt
 329:Src/stm32f4xx_hal_msp.c ****     * Be aware, disabling shared interrupt may affect other IPs
 330:Src/stm32f4xx_hal_msp.c ****     */
 331:Src/stm32f4xx_hal_msp.c ****     /* HAL_NVIC_DisableIRQ(TIM6_DAC_IRQn); */
 332:Src/stm32f4xx_hal_msp.c ****   /* USER CODE END TIM6:TIM6_DAC_IRQn disable */
 333:Src/stm32f4xx_hal_msp.c **** 
 334:Src/stm32f4xx_hal_msp.c ****   /* USER CODE BEGIN TIM6_MspDeInit 1 */
 335:Src/stm32f4xx_hal_msp.c **** 
 336:Src/stm32f4xx_hal_msp.c ****   /* USER CODE END TIM6_MspDeInit 1 */
 337:Src/stm32f4xx_hal_msp.c ****   }
 338:Src/stm32f4xx_hal_msp.c **** 
 339:Src/stm32f4xx_hal_msp.c **** }
 693              		.loc 1 339 1 view .LVU173
 694 000e 7047     		bx	lr
 695              	.L50:
 312:Src/stm32f4xx_hal_msp.c ****   /* USER CODE BEGIN TIM2_MspDeInit 1 */
 696              		.loc 1 312 5 is_stmt 1 view .LVU174
 697 0010 074A     		ldr	r2, .L52+4
 698 0012 136C     		ldr	r3, [r2, #64]
 699 0014 23F00103 		bic	r3, r3, #1
 700 0018 1364     		str	r3, [r2, #64]
 701 001a 7047     		bx	lr
 702              	.L51:
 323:Src/stm32f4xx_hal_msp.c **** 
 703              		.loc 1 323 5 view .LVU175
 704 001c 02F50A32 		add	r2, r2, #141312
 705 0020 136C     		ldr	r3, [r2, #64]
 706 0022 23F01003 		bic	r3, r3, #16
 707 0026 1364     		str	r3, [r2, #64]
ARM GAS  /tmp/ccbBhp2u.s 			page 21


 708              		.loc 1 339 1 is_stmt 0 view .LVU176
 709 0028 F1E7     		b	.L47
 710              	.L53:
 711 002a 00BF     		.align	2
 712              	.L52:
 713 002c 00100040 		.word	1073745920
 714 0030 00380240 		.word	1073887232
 715              		.cfi_endproc
 716              	.LFE136:
 718              		.text
 719              	.Letext0:
 720              		.file 2 "/home/onur/STM32Toolchain/gcc-arm/arm-none-eabi/include/machine/_default_types.h"
 721              		.file 3 "/home/onur/STM32Toolchain/gcc-arm/arm-none-eabi/include/sys/_stdint.h"
 722              		.file 4 "Drivers/CMSIS/Include/core_cm4.h"
 723              		.file 5 "Drivers/CMSIS/Device/ST/STM32F4xx/Include/system_stm32f4xx.h"
 724              		.file 6 "Drivers/CMSIS/Device/ST/STM32F4xx/Include/stm32f407xx.h"
 725              		.file 7 "Drivers/CMSIS/Device/ST/STM32F4xx/Include/stm32f4xx.h"
 726              		.file 8 "Drivers/STM32F4xx_HAL_Driver/Inc/stm32f4xx_hal_def.h"
 727              		.file 9 "Drivers/STM32F4xx_HAL_Driver/Inc/stm32f4xx_hal_gpio.h"
 728              		.file 10 "Drivers/STM32F4xx_HAL_Driver/Inc/stm32f4xx_hal_dma.h"
 729              		.file 11 "Drivers/STM32F4xx_HAL_Driver/Inc/stm32f4xx_hal_adc.h"
 730              		.file 12 "Drivers/STM32F4xx_HAL_Driver/Inc/stm32f4xx_hal_dac.h"
 731              		.file 13 "Drivers/STM32F4xx_HAL_Driver/Inc/stm32f4xx_hal_tim.h"
 732              		.file 14 "Drivers/STM32F4xx_HAL_Driver/Inc/stm32f4xx_hal_cortex.h"
 733              		.file 15 "Inc/main.h"
ARM GAS  /tmp/ccbBhp2u.s 			page 22


DEFINED SYMBOLS
                            *ABS*:0000000000000000 stm32f4xx_hal_msp.c
     /tmp/ccbBhp2u.s:18     .text.HAL_MspInit:0000000000000000 $t
     /tmp/ccbBhp2u.s:26     .text.HAL_MspInit:0000000000000000 HAL_MspInit
     /tmp/ccbBhp2u.s:85     .text.HAL_MspInit:000000000000003c $d
     /tmp/ccbBhp2u.s:90     .text.HAL_ADC_MspInit:0000000000000000 $t
     /tmp/ccbBhp2u.s:97     .text.HAL_ADC_MspInit:0000000000000000 HAL_ADC_MspInit
     /tmp/ccbBhp2u.s:253    .text.HAL_ADC_MspInit:00000000000000a4 $d
     /tmp/ccbBhp2u.s:260    .text.HAL_ADC_MspDeInit:0000000000000000 $t
     /tmp/ccbBhp2u.s:267    .text.HAL_ADC_MspDeInit:0000000000000000 HAL_ADC_MspDeInit
     /tmp/ccbBhp2u.s:313    .text.HAL_ADC_MspDeInit:0000000000000028 $d
     /tmp/ccbBhp2u.s:320    .text.HAL_DAC_MspInit:0000000000000000 $t
     /tmp/ccbBhp2u.s:327    .text.HAL_DAC_MspInit:0000000000000000 HAL_DAC_MspInit
     /tmp/ccbBhp2u.s:494    .text.HAL_DAC_MspInit:00000000000000b4 $d
     /tmp/ccbBhp2u.s:502    .text.HAL_DAC_MspDeInit:0000000000000000 $t
     /tmp/ccbBhp2u.s:509    .text.HAL_DAC_MspDeInit:0000000000000000 HAL_DAC_MspDeInit
     /tmp/ccbBhp2u.s:555    .text.HAL_DAC_MspDeInit:0000000000000028 $d
     /tmp/ccbBhp2u.s:562    .text.HAL_TIM_Base_MspInit:0000000000000000 $t
     /tmp/ccbBhp2u.s:569    .text.HAL_TIM_Base_MspInit:0000000000000000 HAL_TIM_Base_MspInit
     /tmp/ccbBhp2u.s:660    .text.HAL_TIM_Base_MspInit:000000000000005c $d
     /tmp/ccbBhp2u.s:666    .text.HAL_TIM_Base_MspDeInit:0000000000000000 $t
     /tmp/ccbBhp2u.s:673    .text.HAL_TIM_Base_MspDeInit:0000000000000000 HAL_TIM_Base_MspDeInit
     /tmp/ccbBhp2u.s:713    .text.HAL_TIM_Base_MspDeInit:000000000000002c $d

UNDEFINED SYMBOLS
HAL_NVIC_SetPriorityGrouping
HAL_GPIO_Init
HAL_DMA_Init
Error_Handler
hdma_adc1
HAL_GPIO_DeInit
HAL_DMA_DeInit
HAL_NVIC_SetPriority
HAL_NVIC_EnableIRQ
hdma_dac1
